[2024-04-29T13:50:16.812+0000] {local_task_job_runner.py:120} INFO - ::group::Pre task execution logs
[2024-04-29T13:50:16.857+0000] {taskinstance.py:2073} INFO - Dependencies all met for dep_context=non-requeueable deps ti=<TaskInstance: export_csv_to_azure_blob.export_csv manual__2024-04-29T13:45:11.986126+00:00 [queued]>
[2024-04-29T13:50:16.868+0000] {taskinstance.py:2073} INFO - Dependencies all met for dep_context=requeueable deps ti=<TaskInstance: export_csv_to_azure_blob.export_csv manual__2024-04-29T13:45:11.986126+00:00 [queued]>
[2024-04-29T13:50:16.869+0000] {taskinstance.py:2303} INFO - Starting attempt 2 of 2
[2024-04-29T13:50:16.888+0000] {taskinstance.py:2327} INFO - Executing <Task(PythonOperator): export_csv> on 2024-04-29 13:45:11.986126+00:00
[2024-04-29T13:50:16.898+0000] {standard_task_runner.py:90} INFO - Running: ['***', 'tasks', 'run', 'export_csv_to_azure_blob', 'export_csv', 'manual__2024-04-29T13:45:11.986126+00:00', '--job-id', '85', '--raw', '--subdir', 'DAGS_FOLDER/export_csv.py', '--cfg-path', '/tmp/tmph36hpmvv']
[2024-04-29T13:50:16.901+0000] {standard_task_runner.py:91} INFO - Job 85: Subtask export_csv
[2024-04-29T13:50:16.902+0000] {logging_mixin.py:188} WARNING - /home/***/.local/lib/python3.12/site-packages/***/task/task_runner/standard_task_runner.py:61 DeprecationWarning: This process (pid=453) is multi-threaded, use of fork() may lead to deadlocks in the child.
[2024-04-29T13:50:16.903+0000] {standard_task_runner.py:63} INFO - Started process 455 to run task
[2024-04-29T13:50:16.960+0000] {task_command.py:426} INFO - Running <TaskInstance: export_csv_to_azure_blob.export_csv manual__2024-04-29T13:45:11.986126+00:00 [running]> on host 270d16ab0cac
[2024-04-29T13:50:17.072+0000] {taskinstance.py:2644} INFO - Exporting env vars: AIRFLOW_CTX_DAG_OWNER='***' AIRFLOW_CTX_DAG_ID='export_csv_to_azure_blob' AIRFLOW_CTX_TASK_ID='export_csv' AIRFLOW_CTX_EXECUTION_DATE='2024-04-29T13:45:11.986126+00:00' AIRFLOW_CTX_TRY_NUMBER='2' AIRFLOW_CTX_DAG_RUN_ID='manual__2024-04-29T13:45:11.986126+00:00'
[2024-04-29T13:50:17.073+0000] {taskinstance.py:430} INFO - ::endgroup::
[2024-04-29T13:50:17.094+0000] {logging_mixin.py:188} INFO - Uploading...
[2024-04-29T13:50:17.095+0000] {taskinstance.py:441} INFO - ::group::Post task execution logs
[2024-04-29T13:50:17.095+0000] {taskinstance.py:2890} ERROR - Task failed with exception
Traceback (most recent call last):
  File "/home/airflow/.local/lib/python3.12/site-packages/airflow/models/taskinstance.py", line 465, in _execute_task
    result = _execute_callable(context=context, **execute_callable_kwargs)
             ^^^^^^^^^^^^^^^^^^^^^^^^^^^^^^^^^^^^^^^^^^^^^^^^^^^^^^^^^^^^^
  File "/home/airflow/.local/lib/python3.12/site-packages/airflow/models/taskinstance.py", line 432, in _execute_callable
    return execute_callable(context=context, **execute_callable_kwargs)
           ^^^^^^^^^^^^^^^^^^^^^^^^^^^^^^^^^^^^^^^^^^^^^^^^^^^^^^^^^^^^
  File "/home/airflow/.local/lib/python3.12/site-packages/airflow/models/baseoperator.py", line 400, in wrapper
    return func(self, *args, **kwargs)
           ^^^^^^^^^^^^^^^^^^^^^^^^^^^
  File "/home/airflow/.local/lib/python3.12/site-packages/airflow/operators/python.py", line 235, in execute
    return_value = self.execute_callable()
                   ^^^^^^^^^^^^^^^^^^^^^^^
  File "/home/airflow/.local/lib/python3.12/site-packages/airflow/operators/python.py", line 252, in execute_callable
    return self.python_callable(*self.op_args, **self.op_kwargs)
           ^^^^^^^^^^^^^^^^^^^^^^^^^^^^^^^^^^^^^^^^^^^^^^^^^^^^^
  File "/opt/airflow/dags/export_csv.py", line 20, in export_csv_to_azure_blob
    blob_container.upload_blob(blob_name, file, overwrite=True)
  File "/home/airflow/.local/lib/python3.12/site-packages/azure/core/tracing/decorator.py", line 78, in wrapper_use_tracer
    return func(*args, **kwargs)
           ^^^^^^^^^^^^^^^^^^^^^
  File "/home/airflow/.local/lib/python3.12/site-packages/azure/storage/blob/_container_client.py", line 1101, in upload_blob
    blob.upload_blob(
  File "/home/airflow/.local/lib/python3.12/site-packages/azure/core/tracing/decorator.py", line 78, in wrapper_use_tracer
    return func(*args, **kwargs)
           ^^^^^^^^^^^^^^^^^^^^^
  File "/home/airflow/.local/lib/python3.12/site-packages/azure/storage/blob/_blob_client.py", line 758, in upload_blob
    options = self._upload_blob_options(
              ^^^^^^^^^^^^^^^^^^^^^^^^^^
  File "/home/airflow/.local/lib/python3.12/site-packages/azure/storage/blob/_blob_client.py", line 404, in _upload_blob_options
    raise TypeError(f"Unsupported data type: {type(data)}")
TypeError: Unsupported data type: <class 'int'>
[2024-04-29T13:50:17.108+0000] {taskinstance.py:1205} INFO - Marking task as FAILED. dag_id=export_csv_to_azure_blob, task_id=export_csv, execution_date=20240429T134511, start_date=20240429T135016, end_date=20240429T135017
[2024-04-29T13:50:17.126+0000] {standard_task_runner.py:110} ERROR - Failed to execute job 85 for task export_csv (Unsupported data type: <class 'int'>; 455)
[2024-04-29T13:50:17.158+0000] {local_task_job_runner.py:240} INFO - Task exited with return code 1
[2024-04-29T13:50:17.188+0000] {taskinstance.py:3482} INFO - 0 downstream tasks scheduled from follow-on schedule check
[2024-04-29T13:50:17.196+0000] {local_task_job_runner.py:222} INFO - ::endgroup::
