[2024-04-29T12:49:21.165+0000] {manager.py:470} INFO - Processing files using up to 2 processes at a time 
[2024-04-29T12:49:21.165+0000] {manager.py:471} INFO - Process each file at most once every 30 seconds
[2024-04-29T12:49:21.166+0000] {manager.py:472} INFO - Checking for new files in /opt/airflow/dags every 300 seconds
[2024-04-29T12:49:21.168+0000] {manager.py:737} INFO - Searching for files in /opt/airflow/dags
[2024-04-29T12:49:21.172+0000] {manager.py:740} INFO - There are 1 files in /opt/airflow/dags
[2024-04-29T12:49:21.406+0000] {manager.py:878} INFO - 
================================================================================
DAG File Processing Stats

File Path                          PID  Runtime      # DAGs    # Errors  Last Runtime    Last Run
-------------------------------  -----  ---------  --------  ----------  --------------  ----------
/opt/airflow/dags/export_csv.py    166  0.08s             0           0
================================================================================
[2024-04-29T12:49:51.489+0000] {manager.py:878} INFO - 
================================================================================
DAG File Processing Stats

File Path                        PID    Runtime      # DAGs    # Errors  Last Runtime    Last Run
-------------------------------  -----  ---------  --------  ----------  --------------  -------------------
/opt/airflow/dags/export_csv.py                           0           1  5.06s           2024-04-29T12:49:26
================================================================================
[2024-04-29T12:50:21.648+0000] {manager.py:878} INFO - 
================================================================================
DAG File Processing Stats

File Path                        PID    Runtime      # DAGs    # Errors  Last Runtime    Last Run
-------------------------------  -----  ---------  --------  ----------  --------------  -------------------
/opt/airflow/dags/export_csv.py                           0           1  1.26s           2024-04-29T12:49:57
================================================================================
[2024-04-29T12:50:51.972+0000] {manager.py:878} INFO - 
================================================================================
DAG File Processing Stats

File Path                        PID    Runtime      # DAGs    # Errors  Last Runtime    Last Run
-------------------------------  -----  ---------  --------  ----------  --------------  -------------------
/opt/airflow/dags/export_csv.py                           1           0  1.31s           2024-04-29T12:50:33
================================================================================
[2024-04-29T12:51:22.008+0000] {manager.py:878} INFO - 
================================================================================
DAG File Processing Stats

File Path                        PID    Runtime      # DAGs    # Errors  Last Runtime    Last Run
-------------------------------  -----  ---------  --------  ----------  --------------  -------------------
/opt/airflow/dags/export_csv.py                           1           0  0.90s           2024-04-29T12:51:03
================================================================================
[2024-04-29T12:51:52.024+0000] {manager.py:878} INFO - 
================================================================================
DAG File Processing Stats

File Path                          PID  Runtime      # DAGs    # Errors  Last Runtime    Last Run
-------------------------------  -----  ---------  --------  ----------  --------------  -------------------
/opt/airflow/dags/export_csv.py    264  0.00s             1           0  1.03s           2024-04-29T12:51:51
================================================================================
[2024-04-29T12:52:22.042+0000] {manager.py:878} INFO - 
================================================================================
DAG File Processing Stats

File Path                        PID    Runtime      # DAGs    # Errors  Last Runtime    Last Run
-------------------------------  -----  ---------  --------  ----------  --------------  -------------------
/opt/airflow/dags/export_csv.py                           1           0  1.11s           2024-04-29T12:51:58
================================================================================
[2024-04-29T12:52:52.182+0000] {manager.py:878} INFO - 
================================================================================
DAG File Processing Stats

File Path                        PID    Runtime      # DAGs    # Errors  Last Runtime    Last Run
-------------------------------  -----  ---------  --------  ----------  --------------  -------------------
/opt/airflow/dags/export_csv.py                           1           0  1.00s           2024-04-29T12:52:29
================================================================================
[2024-04-29T12:53:22.378+0000] {manager.py:878} INFO - 
================================================================================
DAG File Processing Stats

File Path                        PID    Runtime      # DAGs    # Errors  Last Runtime    Last Run
-------------------------------  -----  ---------  --------  ----------  --------------  -------------------
/opt/airflow/dags/export_csv.py                           1           0  1.17s           2024-04-29T12:52:59
================================================================================
[2024-04-29T12:53:52.594+0000] {manager.py:878} INFO - 
================================================================================
DAG File Processing Stats

File Path                        PID    Runtime      # DAGs    # Errors  Last Runtime    Last Run
-------------------------------  -----  ---------  --------  ----------  --------------  -------------------
/opt/airflow/dags/export_csv.py                           1           0  0.82s           2024-04-29T12:53:30
================================================================================
[2024-04-29T12:54:21.447+0000] {manager.py:737} INFO - Searching for files in /opt/airflow/dags
[2024-04-29T12:54:21.449+0000] {manager.py:740} INFO - There are 1 files in /opt/airflow/dags
[2024-04-29T12:54:22.722+0000] {manager.py:878} INFO - 
================================================================================
DAG File Processing Stats

File Path                        PID    Runtime      # DAGs    # Errors  Last Runtime    Last Run
-------------------------------  -----  ---------  --------  ----------  --------------  -------------------
/opt/airflow/dags/export_csv.py                           1           0  0.97s           2024-04-29T12:54:01
================================================================================
[2024-04-29T12:54:52.852+0000] {manager.py:878} INFO - 
================================================================================
DAG File Processing Stats

File Path                        PID    Runtime      # DAGs    # Errors  Last Runtime    Last Run
-------------------------------  -----  ---------  --------  ----------  --------------  -------------------
/opt/airflow/dags/export_csv.py                           1           0  0.90s           2024-04-29T12:54:32
================================================================================
[2024-04-29T12:55:22.939+0000] {manager.py:878} INFO - 
================================================================================
DAG File Processing Stats

File Path                        PID    Runtime      # DAGs    # Errors  Last Runtime    Last Run
-------------------------------  -----  ---------  --------  ----------  --------------  -------------------
/opt/airflow/dags/export_csv.py                           1           0  0.96s           2024-04-29T12:54:54
================================================================================
[2024-04-29T12:55:52.957+0000] {manager.py:878} INFO - 
================================================================================
DAG File Processing Stats

File Path                        PID    Runtime      # DAGs    # Errors  Last Runtime    Last Run
-------------------------------  -----  ---------  --------  ----------  --------------  -------------------
/opt/airflow/dags/export_csv.py                           1           0  0.90s           2024-04-29T12:55:25
================================================================================
[2024-04-29T12:56:22.970+0000] {manager.py:878} INFO - 
================================================================================
DAG File Processing Stats

File Path                        PID    Runtime      # DAGs    # Errors  Last Runtime    Last Run
-------------------------------  -----  ---------  --------  ----------  --------------  -------------------
/opt/airflow/dags/export_csv.py                           1           0  0.97s           2024-04-29T12:56:04
================================================================================
[2024-04-29T12:56:53.031+0000] {manager.py:878} INFO - 
================================================================================
DAG File Processing Stats

File Path                        PID    Runtime      # DAGs    # Errors  Last Runtime    Last Run
-------------------------------  -----  ---------  --------  ----------  --------------  -------------------
/opt/airflow/dags/export_csv.py                           1           0  1.00s           2024-04-29T12:56:35
================================================================================
[2024-04-29T12:57:23.221+0000] {manager.py:878} INFO - 
================================================================================
DAG File Processing Stats

File Path                        PID    Runtime      # DAGs    # Errors  Last Runtime    Last Run
-------------------------------  -----  ---------  --------  ----------  --------------  -------------------
/opt/airflow/dags/export_csv.py                           0           1  0.08s           2024-04-29T12:57:11
================================================================================
[2024-04-29T12:57:53.387+0000] {manager.py:878} INFO - 
================================================================================
DAG File Processing Stats

File Path                        PID    Runtime      # DAGs    # Errors  Last Runtime    Last Run
-------------------------------  -----  ---------  --------  ----------  --------------  -------------------
/opt/airflow/dags/export_csv.py                           0           1  0.08s           2024-04-29T12:57:41
================================================================================
[2024-04-29T12:58:23.611+0000] {manager.py:878} INFO - 
================================================================================
DAG File Processing Stats

File Path                        PID    Runtime      # DAGs    # Errors  Last Runtime    Last Run
-------------------------------  -----  ---------  --------  ----------  --------------  -------------------
/opt/airflow/dags/export_csv.py                           0           1  0.08s           2024-04-29T12:58:02
================================================================================
[2024-04-29T12:58:53.870+0000] {manager.py:878} INFO - 
================================================================================
DAG File Processing Stats

File Path                        PID    Runtime      # DAGs    # Errors  Last Runtime    Last Run
-------------------------------  -----  ---------  --------  ----------  --------------  -------------------
/opt/airflow/dags/export_csv.py                           0           1  0.08s           2024-04-29T12:58:37
================================================================================
[2024-04-29T12:59:22.075+0000] {manager.py:737} INFO - Searching for files in /opt/airflow/dags
[2024-04-29T12:59:22.077+0000] {manager.py:740} INFO - There are 1 files in /opt/airflow/dags
[2024-04-29T12:59:24.104+0000] {manager.py:878} INFO - 
================================================================================
DAG File Processing Stats

File Path                        PID    Runtime      # DAGs    # Errors  Last Runtime    Last Run
-------------------------------  -----  ---------  --------  ----------  --------------  -------------------
/opt/airflow/dags/export_csv.py                           1           0  1.10s           2024-04-29T12:58:55
================================================================================
[2024-04-29T12:59:54.130+0000] {manager.py:878} INFO - 
================================================================================
DAG File Processing Stats

File Path                        PID    Runtime      # DAGs    # Errors  Last Runtime    Last Run
-------------------------------  -----  ---------  --------  ----------  --------------  -------------------
/opt/airflow/dags/export_csv.py                           1           0  1.03s           2024-04-29T12:59:51
================================================================================
[2024-04-29T13:00:24.262+0000] {manager.py:878} INFO - 
================================================================================
DAG File Processing Stats

File Path                        PID    Runtime      # DAGs    # Errors  Last Runtime    Last Run
-------------------------------  -----  ---------  --------  ----------  --------------  -------------------
/opt/airflow/dags/export_csv.py                           1           0  0.98s           2024-04-29T13:00:22
================================================================================
[2024-04-29T13:00:54.420+0000] {manager.py:878} INFO - 
================================================================================
DAG File Processing Stats

File Path                        PID    Runtime      # DAGs    # Errors  Last Runtime    Last Run
-------------------------------  -----  ---------  --------  ----------  --------------  -------------------
/opt/airflow/dags/export_csv.py                           1           0  1.01s           2024-04-29T13:00:53
================================================================================
[2024-04-29T13:01:24.526+0000] {manager.py:878} INFO - 
================================================================================
DAG File Processing Stats

File Path                        PID    Runtime      # DAGs    # Errors  Last Runtime    Last Run
-------------------------------  -----  ---------  --------  ----------  --------------  -------------------
/opt/airflow/dags/export_csv.py                           1           0  0.96s           2024-04-29T13:01:24
================================================================================
[2024-04-29T13:01:54.672+0000] {manager.py:878} INFO - 
================================================================================
DAG File Processing Stats

File Path                          PID  Runtime      # DAGs    # Errors  Last Runtime    Last Run
-------------------------------  -----  ---------  --------  ----------  --------------  -------------------
/opt/airflow/dags/export_csv.py    568  0.00s             1           0  0.96s           2024-04-29T13:01:24
================================================================================
[2024-04-29T13:02:25.568+0000] {manager.py:878} INFO - 
================================================================================
DAG File Processing Stats

File Path                        PID    Runtime      # DAGs    # Errors  Last Runtime    Last Run
-------------------------------  -----  ---------  --------  ----------  --------------  -------------------
/opt/airflow/dags/export_csv.py                           1           0  1.03s           2024-04-29T13:02:21
================================================================================
[2024-04-29T13:02:55.712+0000] {manager.py:878} INFO - 
================================================================================
DAG File Processing Stats

File Path                        PID    Runtime      # DAGs    # Errors  Last Runtime    Last Run
-------------------------------  -----  ---------  --------  ----------  --------------  -------------------
/opt/airflow/dags/export_csv.py                           1           0  0.98s           2024-04-29T13:02:32
================================================================================
[2024-04-29T13:03:25.898+0000] {manager.py:878} INFO - 
================================================================================
DAG File Processing Stats

File Path                        PID    Runtime      # DAGs    # Errors  Last Runtime    Last Run
-------------------------------  -----  ---------  --------  ----------  --------------  -------------------
/opt/airflow/dags/export_csv.py                           1           0  1.01s           2024-04-29T13:03:21
================================================================================
[2024-04-29T13:03:55.916+0000] {manager.py:878} INFO - 
================================================================================
DAG File Processing Stats

File Path                        PID    Runtime      # DAGs    # Errors  Last Runtime    Last Run
-------------------------------  -----  ---------  --------  ----------  --------------  -------------------
/opt/airflow/dags/export_csv.py                           1           0  0.87s           2024-04-29T13:03:52
================================================================================
[2024-04-29T13:04:22.195+0000] {manager.py:737} INFO - Searching for files in /opt/airflow/dags
[2024-04-29T13:04:22.197+0000] {manager.py:740} INFO - There are 1 files in /opt/airflow/dags
[2024-04-29T13:04:26.053+0000] {manager.py:878} INFO - 
================================================================================
DAG File Processing Stats

File Path                        PID    Runtime      # DAGs    # Errors  Last Runtime    Last Run
-------------------------------  -----  ---------  --------  ----------  --------------  -------------------
/opt/airflow/dags/export_csv.py                           1           0  0.98s           2024-04-29T13:04:03
================================================================================
[2024-04-29T13:04:56.077+0000] {manager.py:878} INFO - 
================================================================================
DAG File Processing Stats

File Path                        PID    Runtime      # DAGs    # Errors  Last Runtime    Last Run
-------------------------------  -----  ---------  --------  ----------  --------------  -------------------
/opt/airflow/dags/export_csv.py                           1           0  0.89s           2024-04-29T13:04:34
================================================================================
[2024-04-29T13:05:26.103+0000] {manager.py:878} INFO - 
================================================================================
DAG File Processing Stats

File Path                        PID    Runtime      # DAGs    # Errors  Last Runtime    Last Run
-------------------------------  -----  ---------  --------  ----------  --------------  -------------------
/opt/airflow/dags/export_csv.py                           1           0  0.94s           2024-04-29T13:05:14
================================================================================
[2024-04-29T13:05:56.246+0000] {manager.py:878} INFO - 
================================================================================
DAG File Processing Stats

File Path                        PID    Runtime      # DAGs    # Errors  Last Runtime    Last Run
-------------------------------  -----  ---------  --------  ----------  --------------  -------------------
/opt/airflow/dags/export_csv.py                           1           0  0.96s           2024-04-29T13:05:45
================================================================================
[2024-04-29T13:06:26.400+0000] {manager.py:878} INFO - 
================================================================================
DAG File Processing Stats

File Path                        PID    Runtime      # DAGs    # Errors  Last Runtime    Last Run
-------------------------------  -----  ---------  --------  ----------  --------------  -------------------
/opt/airflow/dags/export_csv.py                           1           0  0.94s           2024-04-29T13:06:16
================================================================================
[2024-04-29T13:06:56.548+0000] {manager.py:878} INFO - 
================================================================================
DAG File Processing Stats

File Path                        PID    Runtime      # DAGs    # Errors  Last Runtime    Last Run
-------------------------------  -----  ---------  --------  ----------  --------------  -------------------
/opt/airflow/dags/export_csv.py                           1           0  0.88s           2024-04-29T13:06:47
================================================================================
[2024-04-29T13:07:26.717+0000] {manager.py:878} INFO - 
================================================================================
DAG File Processing Stats

File Path                        PID    Runtime      # DAGs    # Errors  Last Runtime    Last Run
-------------------------------  -----  ---------  --------  ----------  --------------  -------------------
/opt/airflow/dags/export_csv.py                           1           0  1.06s           2024-04-29T13:07:18
================================================================================
[2024-04-29T13:07:56.879+0000] {manager.py:878} INFO - 
================================================================================
DAG File Processing Stats

File Path                        PID    Runtime      # DAGs    # Errors  Last Runtime    Last Run
-------------------------------  -----  ---------  --------  ----------  --------------  -------------------
/opt/airflow/dags/export_csv.py                           1           0  1.04s           2024-04-29T13:07:49
================================================================================
[2024-04-29T13:08:26.957+0000] {manager.py:878} INFO - 
================================================================================
DAG File Processing Stats

File Path                        PID    Runtime      # DAGs    # Errors  Last Runtime    Last Run
-------------------------------  -----  ---------  --------  ----------  --------------  -------------------
/opt/airflow/dags/export_csv.py                           1           0  0.93s           2024-04-29T13:08:20
================================================================================
[2024-04-29T13:08:57.150+0000] {manager.py:878} INFO - 
================================================================================
DAG File Processing Stats

File Path                          PID  Runtime      # DAGs    # Errors  Last Runtime    Last Run
-------------------------------  -----  ---------  --------  ----------  --------------  -------------------
/opt/airflow/dags/export_csv.py    804  0.01s             1           0  0.97s           2024-04-29T13:08:53
================================================================================
[2024-04-29T13:09:22.481+0000] {manager.py:737} INFO - Searching for files in /opt/airflow/dags
[2024-04-29T13:09:22.483+0000] {manager.py:740} INFO - There are 1 files in /opt/airflow/dags
[2024-04-29T13:09:27.207+0000] {manager.py:878} INFO - 
================================================================================
DAG File Processing Stats

File Path                        PID    Runtime      # DAGs    # Errors  Last Runtime    Last Run
-------------------------------  -----  ---------  --------  ----------  --------------  -------------------
/opt/airflow/dags/export_csv.py                           1           0  0.93s           2024-04-29T13:08:58
================================================================================
[2024-04-29T13:09:57.357+0000] {manager.py:878} INFO - 
================================================================================
DAG File Processing Stats

File Path                        PID    Runtime      # DAGs    # Errors  Last Runtime    Last Run
-------------------------------  -----  ---------  --------  ----------  --------------  -------------------
/opt/airflow/dags/export_csv.py                           1           0  1.15s           2024-04-29T13:09:29
================================================================================
[2024-04-29T13:10:27.637+0000] {manager.py:878} INFO - 
================================================================================
DAG File Processing Stats

File Path                        PID    Runtime      # DAGs    # Errors  Last Runtime    Last Run
-------------------------------  -----  ---------  --------  ----------  --------------  -------------------
/opt/airflow/dags/export_csv.py                           1           0  1.03s           2024-04-29T13:10:05
================================================================================
[2024-04-29T13:10:57.646+0000] {manager.py:878} INFO - 
================================================================================
DAG File Processing Stats

File Path                        PID    Runtime      # DAGs    # Errors  Last Runtime    Last Run
-------------------------------  -----  ---------  --------  ----------  --------------  -------------------
/opt/airflow/dags/export_csv.py                           1           0  0.87s           2024-04-29T13:10:36
================================================================================
[2024-04-29T13:11:27.787+0000] {manager.py:878} INFO - 
================================================================================
DAG File Processing Stats

File Path                        PID    Runtime      # DAGs    # Errors  Last Runtime    Last Run
-------------------------------  -----  ---------  --------  ----------  --------------  -------------------
/opt/airflow/dags/export_csv.py                           1           0  0.98s           2024-04-29T13:11:26
================================================================================
[2024-04-29T13:11:57.943+0000] {manager.py:878} INFO - 
================================================================================
DAG File Processing Stats

File Path                        PID    Runtime      # DAGs    # Errors  Last Runtime    Last Run
-------------------------------  -----  ---------  --------  ----------  --------------  -------------------
/opt/airflow/dags/export_csv.py                           1           0  1.11s           2024-04-29T13:11:56
================================================================================
[2024-04-29T13:12:28.137+0000] {manager.py:878} INFO - 
================================================================================
DAG File Processing Stats

File Path                          PID  Runtime      # DAGs    # Errors  Last Runtime    Last Run
-------------------------------  -----  ---------  --------  ----------  --------------  -------------------
/opt/airflow/dags/export_csv.py    932  1.01s             0           1  0.08s           2024-04-29T13:12:24
================================================================================
[2024-04-29T13:12:58.293+0000] {manager.py:878} INFO - 
================================================================================
DAG File Processing Stats

File Path                          PID  Runtime      # DAGs    # Errors  Last Runtime    Last Run
-------------------------------  -----  ---------  --------  ----------  --------------  -------------------
/opt/airflow/dags/export_csv.py    947  0.00s             1           0  1.02s           2024-04-29T13:12:28
================================================================================
[2024-04-29T13:13:28.473+0000] {manager.py:878} INFO - 
================================================================================
DAG File Processing Stats

File Path                        PID    Runtime      # DAGs    # Errors  Last Runtime    Last Run
-------------------------------  -----  ---------  --------  ----------  --------------  -------------------
/opt/airflow/dags/export_csv.py                           1           0  1.02s           2024-04-29T13:13:03
================================================================================
[2024-04-29T13:13:58.562+0000] {manager.py:878} INFO - 
================================================================================
DAG File Processing Stats

File Path                        PID    Runtime      # DAGs    # Errors  Last Runtime    Last Run
-------------------------------  -----  ---------  --------  ----------  --------------  -------------------
/opt/airflow/dags/export_csv.py                           1           0  0.95s           2024-04-29T13:13:34
================================================================================
[2024-04-29T13:14:22.561+0000] {manager.py:737} INFO - Searching for files in /opt/airflow/dags
[2024-04-29T13:14:22.562+0000] {manager.py:740} INFO - There are 1 files in /opt/airflow/dags
[2024-04-29T13:14:28.734+0000] {manager.py:878} INFO - 
================================================================================
DAG File Processing Stats

File Path                        PID    Runtime      # DAGs    # Errors  Last Runtime    Last Run
-------------------------------  -----  ---------  --------  ----------  --------------  -------------------
/opt/airflow/dags/export_csv.py                           1           0  0.91s           2024-04-29T13:14:23
================================================================================
[2024-04-29T13:14:58.856+0000] {manager.py:878} INFO - 
================================================================================
DAG File Processing Stats

File Path                        PID    Runtime      # DAGs    # Errors  Last Runtime    Last Run
-------------------------------  -----  ---------  --------  ----------  --------------  -------------------
/opt/airflow/dags/export_csv.py                           1           0  0.84s           2024-04-29T13:14:54
================================================================================
[2024-04-29T13:15:28.986+0000] {manager.py:878} INFO - 
================================================================================
DAG File Processing Stats

File Path                        PID    Runtime      # DAGs    # Errors  Last Runtime    Last Run
-------------------------------  -----  ---------  --------  ----------  --------------  -------------------
/opt/airflow/dags/export_csv.py                           1           0  0.93s           2024-04-29T13:15:23
================================================================================
[2024-04-29T13:15:59.075+0000] {manager.py:878} INFO - 
================================================================================
DAG File Processing Stats

File Path                        PID    Runtime      # DAGs    # Errors  Last Runtime    Last Run
-------------------------------  -----  ---------  --------  ----------  --------------  -------------------
/opt/airflow/dags/export_csv.py                           1           0  0.96s           2024-04-29T13:15:47
================================================================================
[2024-04-29T13:16:29.202+0000] {manager.py:878} INFO - 
================================================================================
DAG File Processing Stats

File Path                        PID    Runtime      # DAGs    # Errors  Last Runtime    Last Run
-------------------------------  -----  ---------  --------  ----------  --------------  -------------------
/opt/airflow/dags/export_csv.py                           1           0  0.95s           2024-04-29T13:16:18
================================================================================
[2024-04-29T13:16:59.875+0000] {manager.py:878} INFO - 
================================================================================
DAG File Processing Stats

File Path                        PID    Runtime      # DAGs    # Errors  Last Runtime    Last Run
-------------------------------  -----  ---------  --------  ----------  --------------  -------------------
/opt/airflow/dags/export_csv.py                           1           0  1.14s           2024-04-29T13:16:49
================================================================================
[2024-04-29T13:17:30.029+0000] {manager.py:878} INFO - 
================================================================================
DAG File Processing Stats

File Path                        PID    Runtime      # DAGs    # Errors  Last Runtime    Last Run
-------------------------------  -----  ---------  --------  ----------  --------------  -------------------
/opt/airflow/dags/export_csv.py                           1           0  1.02s           2024-04-29T13:17:20
================================================================================
[2024-04-29T13:18:00.050+0000] {manager.py:878} INFO - 
================================================================================
DAG File Processing Stats

File Path                        PID    Runtime      # DAGs    # Errors  Last Runtime    Last Run
-------------------------------  -----  ---------  --------  ----------  --------------  -------------------
/opt/airflow/dags/export_csv.py                           1           0  0.88s           2024-04-29T13:17:52
================================================================================
[2024-04-29T13:20:43.577+0000] {manager.py:470} INFO - Processing files using up to 2 processes at a time 
[2024-04-29T13:20:43.577+0000] {manager.py:471} INFO - Process each file at most once every 30 seconds
[2024-04-29T13:20:43.578+0000] {manager.py:472} INFO - Checking for new files in /opt/airflow/dags every 300 seconds
[2024-04-29T13:20:43.578+0000] {manager.py:737} INFO - Searching for files in /opt/airflow/dags
[2024-04-29T13:20:43.582+0000] {manager.py:740} INFO - There are 1 files in /opt/airflow/dags
[2024-04-29T13:20:46.697+0000] {manager.py:878} INFO - 
================================================================================
DAG File Processing Stats

File Path                        PID    Runtime      # DAGs    # Errors  Last Runtime    Last Run
-------------------------------  -----  ---------  --------  ----------  --------------  -------------------
/opt/airflow/dags/export_csv.py                           1           0  1.40s           2024-04-29T13:20:45
================================================================================
[2024-04-29T13:21:16.840+0000] {manager.py:878} INFO - 
================================================================================
DAG File Processing Stats

File Path                          PID  Runtime      # DAGs    # Errors  Last Runtime    Last Run
-------------------------------  -----  ---------  --------  ----------  --------------  -------------------
/opt/airflow/dags/export_csv.py    179  1.69s             1           0  1.40s           2024-04-29T13:20:45
================================================================================
[2024-04-29T13:21:46.990+0000] {manager.py:878} INFO - 
================================================================================
DAG File Processing Stats

File Path                        PID    Runtime      # DAGs    # Errors  Last Runtime    Last Run
-------------------------------  -----  ---------  --------  ----------  --------------  -------------------
/opt/airflow/dags/export_csv.py                           1           0  1.86s           2024-04-29T13:21:17
================================================================================
[2024-04-29T13:22:17.235+0000] {manager.py:878} INFO - 
================================================================================
DAG File Processing Stats

File Path                        PID    Runtime      # DAGs    # Errors  Last Runtime    Last Run
-------------------------------  -----  ---------  --------  ----------  --------------  -------------------
/opt/airflow/dags/export_csv.py                           1           0  0.67s           2024-04-29T13:21:47
================================================================================
[2024-04-29T13:22:47.362+0000] {manager.py:878} INFO - 
================================================================================
DAG File Processing Stats

File Path                        PID    Runtime      # DAGs    # Errors  Last Runtime    Last Run
-------------------------------  -----  ---------  --------  ----------  --------------  -------------------
/opt/airflow/dags/export_csv.py                           1           0  0.79s           2024-04-29T13:22:30
================================================================================
[2024-04-29T13:23:17.382+0000] {manager.py:878} INFO - 
================================================================================
DAG File Processing Stats

File Path                        PID    Runtime      # DAGs    # Errors  Last Runtime    Last Run
-------------------------------  -----  ---------  --------  ----------  --------------  -------------------
/opt/airflow/dags/export_csv.py                           1           0  0.67s           2024-04-29T13:23:01
================================================================================
[2024-04-29T13:23:47.835+0000] {manager.py:878} INFO - 
================================================================================
DAG File Processing Stats

File Path                        PID    Runtime      # DAGs    # Errors  Last Runtime    Last Run
-------------------------------  -----  ---------  --------  ----------  --------------  -------------------
/opt/airflow/dags/export_csv.py                           1           0  0.74s           2024-04-29T13:23:32
================================================================================
[2024-04-29T13:24:18.033+0000] {manager.py:878} INFO - 
================================================================================
DAG File Processing Stats

File Path                        PID    Runtime      # DAGs    # Errors  Last Runtime    Last Run
-------------------------------  -----  ---------  --------  ----------  --------------  -------------------
/opt/airflow/dags/export_csv.py                           1           0  0.64s           2024-04-29T13:24:02
================================================================================
[2024-04-29T13:24:48.102+0000] {manager.py:878} INFO - 
================================================================================
DAG File Processing Stats

File Path                        PID    Runtime      # DAGs    # Errors  Last Runtime    Last Run
-------------------------------  -----  ---------  --------  ----------  --------------  -------------------
/opt/airflow/dags/export_csv.py                           1           0  0.89s           2024-04-29T13:24:34
================================================================================
[2024-04-29T13:25:18.335+0000] {manager.py:878} INFO - 
================================================================================
DAG File Processing Stats

File Path                        PID    Runtime      # DAGs    # Errors  Last Runtime    Last Run
-------------------------------  -----  ---------  --------  ----------  --------------  -------------------
/opt/airflow/dags/export_csv.py                           1           0  0.74s           2024-04-29T13:25:04
================================================================================
[2024-04-29T13:25:44.002+0000] {manager.py:737} INFO - Searching for files in /opt/airflow/dags
[2024-04-29T13:25:44.004+0000] {manager.py:740} INFO - There are 1 files in /opt/airflow/dags
[2024-04-29T13:25:48.454+0000] {manager.py:878} INFO - 
================================================================================
DAG File Processing Stats

File Path                        PID    Runtime      # DAGs    # Errors  Last Runtime    Last Run
-------------------------------  -----  ---------  --------  ----------  --------------  -------------------
/opt/airflow/dags/export_csv.py                           1           0  0.93s           2024-04-29T13:25:39
================================================================================
[2024-04-29T13:26:18.573+0000] {manager.py:878} INFO - 
================================================================================
DAG File Processing Stats

File Path                        PID    Runtime      # DAGs    # Errors  Last Runtime    Last Run
-------------------------------  -----  ---------  --------  ----------  --------------  -------------------
/opt/airflow/dags/export_csv.py                           1           0  0.82s           2024-04-29T13:26:10
================================================================================
[2024-04-29T13:26:48.750+0000] {manager.py:878} INFO - 
================================================================================
DAG File Processing Stats

File Path                        PID    Runtime      # DAGs    # Errors  Last Runtime    Last Run
-------------------------------  -----  ---------  --------  ----------  --------------  -------------------
/opt/airflow/dags/export_csv.py                           1           0  0.84s           2024-04-29T13:26:26
================================================================================
[2024-04-29T13:27:18.861+0000] {manager.py:878} INFO - 
================================================================================
DAG File Processing Stats

File Path                        PID    Runtime      # DAGs    # Errors  Last Runtime    Last Run
-------------------------------  -----  ---------  --------  ----------  --------------  -------------------
/opt/airflow/dags/export_csv.py                           1           0  0.88s           2024-04-29T13:26:57
================================================================================
[2024-04-29T13:27:48.984+0000] {manager.py:878} INFO - 
================================================================================
DAG File Processing Stats

File Path                        PID    Runtime      # DAGs    # Errors  Last Runtime    Last Run
-------------------------------  -----  ---------  --------  ----------  --------------  -------------------
/opt/airflow/dags/export_csv.py                           1           0  0.77s           2024-04-29T13:27:28
================================================================================
[2024-04-29T13:28:19.104+0000] {manager.py:878} INFO - 
================================================================================
DAG File Processing Stats

File Path                        PID    Runtime      # DAGs    # Errors  Last Runtime    Last Run
-------------------------------  -----  ---------  --------  ----------  --------------  -------------------
/opt/airflow/dags/export_csv.py                           1           0  0.75s           2024-04-29T13:27:59
================================================================================
[2024-04-29T13:28:49.235+0000] {manager.py:878} INFO - 
================================================================================
DAG File Processing Stats

File Path                        PID    Runtime      # DAGs    # Errors  Last Runtime    Last Run
-------------------------------  -----  ---------  --------  ----------  --------------  -------------------
/opt/airflow/dags/export_csv.py                           1           0  0.82s           2024-04-29T13:28:30
================================================================================
[2024-04-29T13:29:19.361+0000] {manager.py:878} INFO - 
================================================================================
DAG File Processing Stats

File Path                        PID    Runtime      # DAGs    # Errors  Last Runtime    Last Run
-------------------------------  -----  ---------  --------  ----------  --------------  -------------------
/opt/airflow/dags/export_csv.py                           1           0  0.71s           2024-04-29T13:29:00
================================================================================
[2024-04-29T13:29:49.477+0000] {manager.py:878} INFO - 
================================================================================
DAG File Processing Stats

File Path                        PID    Runtime      # DAGs    # Errors  Last Runtime    Last Run
-------------------------------  -----  ---------  --------  ----------  --------------  -------------------
/opt/airflow/dags/export_csv.py                           1           0  0.76s           2024-04-29T13:29:31
================================================================================
[2024-04-29T13:30:19.600+0000] {manager.py:878} INFO - 
================================================================================
DAG File Processing Stats

File Path                        PID    Runtime      # DAGs    # Errors  Last Runtime    Last Run
-------------------------------  -----  ---------  --------  ----------  --------------  -------------------
/opt/airflow/dags/export_csv.py                           1           0  0.81s           2024-04-29T13:30:02
================================================================================
[2024-04-29T13:30:44.707+0000] {manager.py:737} INFO - Searching for files in /opt/airflow/dags
[2024-04-29T13:30:44.712+0000] {manager.py:740} INFO - There are 1 files in /opt/airflow/dags
[2024-04-29T13:30:49.765+0000] {manager.py:878} INFO - 
================================================================================
DAG File Processing Stats

File Path                        PID    Runtime      # DAGs    # Errors  Last Runtime    Last Run
-------------------------------  -----  ---------  --------  ----------  --------------  -------------------
/opt/airflow/dags/export_csv.py                           1           0  0.85s           2024-04-29T13:30:33
================================================================================
[2024-04-29T13:31:19.924+0000] {manager.py:878} INFO - 
================================================================================
DAG File Processing Stats

File Path                        PID    Runtime      # DAGs    # Errors  Last Runtime    Last Run
-------------------------------  -----  ---------  --------  ----------  --------------  -------------------
/opt/airflow/dags/export_csv.py                           1           0  0.82s           2024-04-29T13:31:04
================================================================================
[2024-04-29T13:31:50.041+0000] {manager.py:878} INFO - 
================================================================================
DAG File Processing Stats

File Path                        PID    Runtime      # DAGs    # Errors  Last Runtime    Last Run
-------------------------------  -----  ---------  --------  ----------  --------------  -------------------
/opt/airflow/dags/export_csv.py                           1           0  0.84s           2024-04-29T13:31:35
================================================================================
[2024-04-29T13:32:20.154+0000] {manager.py:878} INFO - 
================================================================================
DAG File Processing Stats

File Path                        PID    Runtime      # DAGs    # Errors  Last Runtime    Last Run
-------------------------------  -----  ---------  --------  ----------  --------------  -------------------
/opt/airflow/dags/export_csv.py                           1           0  0.88s           2024-04-29T13:32:06
================================================================================
[2024-04-29T13:32:50.272+0000] {manager.py:878} INFO - 
================================================================================
DAG File Processing Stats

File Path                        PID    Runtime      # DAGs    # Errors  Last Runtime    Last Run
-------------------------------  -----  ---------  --------  ----------  --------------  -------------------
/opt/airflow/dags/export_csv.py                           1           0  0.87s           2024-04-29T13:32:37
================================================================================
[2024-04-29T13:33:20.395+0000] {manager.py:878} INFO - 
================================================================================
DAG File Processing Stats

File Path                        PID    Runtime      # DAGs    # Errors  Last Runtime    Last Run
-------------------------------  -----  ---------  --------  ----------  --------------  -------------------
/opt/airflow/dags/export_csv.py                           1           0  0.89s           2024-04-29T13:33:08
================================================================================
[2024-04-29T13:33:50.529+0000] {manager.py:878} INFO - 
================================================================================
DAG File Processing Stats

File Path                        PID    Runtime      # DAGs    # Errors  Last Runtime    Last Run
-------------------------------  -----  ---------  --------  ----------  --------------  -------------------
/opt/airflow/dags/export_csv.py                           1           0  0.78s           2024-04-29T13:33:39
================================================================================
[2024-04-29T13:34:20.546+0000] {manager.py:878} INFO - 
================================================================================
DAG File Processing Stats

File Path                        PID    Runtime      # DAGs    # Errors  Last Runtime    Last Run
-------------------------------  -----  ---------  --------  ----------  --------------  -------------------
/opt/airflow/dags/export_csv.py                           1           0  0.81s           2024-04-29T13:34:02
================================================================================
[2024-04-29T13:34:50.750+0000] {manager.py:878} INFO - 
================================================================================
DAG File Processing Stats

File Path                        PID    Runtime      # DAGs    # Errors  Last Runtime    Last Run
-------------------------------  -----  ---------  --------  ----------  --------------  -------------------
/opt/airflow/dags/export_csv.py                           1           0  0.81s           2024-04-29T13:34:49
================================================================================
[2024-04-29T13:35:20.877+0000] {manager.py:878} INFO - 
================================================================================
DAG File Processing Stats

File Path                        PID    Runtime      # DAGs    # Errors  Last Runtime    Last Run
-------------------------------  -----  ---------  --------  ----------  --------------  -------------------
/opt/airflow/dags/export_csv.py                           1           0  0.83s           2024-04-29T13:35:05
================================================================================
[2024-04-29T13:35:44.981+0000] {manager.py:737} INFO - Searching for files in /opt/airflow/dags
[2024-04-29T13:35:44.983+0000] {manager.py:740} INFO - There are 1 files in /opt/airflow/dags
[2024-04-29T13:35:51.026+0000] {manager.py:878} INFO - 
================================================================================
DAG File Processing Stats

File Path                        PID    Runtime      # DAGs    # Errors  Last Runtime    Last Run
-------------------------------  -----  ---------  --------  ----------  --------------  -------------------
/opt/airflow/dags/export_csv.py                           1           0  0.87s           2024-04-29T13:35:35
================================================================================
[2024-04-29T13:36:21.953+0000] {manager.py:878} INFO - 
================================================================================
DAG File Processing Stats

File Path                        PID    Runtime      # DAGs    # Errors  Last Runtime    Last Run
-------------------------------  -----  ---------  --------  ----------  --------------  -------------------
/opt/airflow/dags/export_csv.py                           1           0  0.80s           2024-04-29T13:36:10
================================================================================
[2024-04-29T13:36:52.765+0000] {manager.py:878} INFO - 
================================================================================
DAG File Processing Stats

File Path                        PID    Runtime      # DAGs    # Errors  Last Runtime    Last Run
-------------------------------  -----  ---------  --------  ----------  --------------  -------------------
/opt/airflow/dags/export_csv.py                           1           0  0.85s           2024-04-29T13:36:52
================================================================================
[2024-04-29T13:37:22.904+0000] {manager.py:878} INFO - 
================================================================================
DAG File Processing Stats

File Path                          PID  Runtime      # DAGs    # Errors  Last Runtime    Last Run
-------------------------------  -----  ---------  --------  ----------  --------------  -------------------
/opt/airflow/dags/export_csv.py    670  0.00s             1           0  0.85s           2024-04-29T13:36:52
================================================================================
[2024-04-29T13:37:53.133+0000] {manager.py:878} INFO - 
================================================================================
DAG File Processing Stats

File Path                        PID    Runtime      # DAGs    # Errors  Last Runtime    Last Run
-------------------------------  -----  ---------  --------  ----------  --------------  -------------------
/opt/airflow/dags/export_csv.py                           1           0  0.73s           2024-04-29T13:37:23
================================================================================
[2024-04-29T13:38:23.256+0000] {manager.py:878} INFO - 
================================================================================
DAG File Processing Stats

File Path                        PID    Runtime      # DAGs    # Errors  Last Runtime    Last Run
-------------------------------  -----  ---------  --------  ----------  --------------  -------------------
/opt/airflow/dags/export_csv.py                           1           0  0.81s           2024-04-29T13:37:54
================================================================================
[2024-04-29T13:38:53.401+0000] {manager.py:878} INFO - 
================================================================================
DAG File Processing Stats

File Path                        PID    Runtime      # DAGs    # Errors  Last Runtime    Last Run
-------------------------------  -----  ---------  --------  ----------  --------------  -------------------
/opt/airflow/dags/export_csv.py                           1           0  0.77s           2024-04-29T13:38:25
================================================================================
[2024-04-29T13:39:23.460+0000] {manager.py:878} INFO - 
================================================================================
DAG File Processing Stats

File Path                        PID    Runtime      # DAGs    # Errors  Last Runtime    Last Run
-------------------------------  -----  ---------  --------  ----------  --------------  -------------------
/opt/airflow/dags/export_csv.py                           1           0  0.79s           2024-04-29T13:38:56
================================================================================
[2024-04-29T13:39:53.769+0000] {manager.py:878} INFO - 
================================================================================
DAG File Processing Stats

File Path                        PID    Runtime      # DAGs    # Errors  Last Runtime    Last Run
-------------------------------  -----  ---------  --------  ----------  --------------  -------------------
/opt/airflow/dags/export_csv.py                           1           0  0.80s           2024-04-29T13:39:27
================================================================================
[2024-04-29T13:40:23.904+0000] {manager.py:878} INFO - 
================================================================================
DAG File Processing Stats

File Path                        PID    Runtime      # DAGs    # Errors  Last Runtime    Last Run
-------------------------------  -----  ---------  --------  ----------  --------------  -------------------
/opt/airflow/dags/export_csv.py                           1           0  0.81s           2024-04-29T13:39:58
================================================================================
[2024-04-29T13:40:45.003+0000] {manager.py:737} INFO - Searching for files in /opt/airflow/dags
[2024-04-29T13:40:45.005+0000] {manager.py:740} INFO - There are 1 files in /opt/airflow/dags
[2024-04-29T13:40:54.061+0000] {manager.py:878} INFO - 
================================================================================
DAG File Processing Stats

File Path                        PID    Runtime      # DAGs    # Errors  Last Runtime    Last Run
-------------------------------  -----  ---------  --------  ----------  --------------  -------------------
/opt/airflow/dags/export_csv.py                           1           0  0.76s           2024-04-29T13:40:29
================================================================================
[2024-04-29T13:41:24.319+0000] {manager.py:878} INFO - 
================================================================================
DAG File Processing Stats

File Path                        PID    Runtime      # DAGs    # Errors  Last Runtime    Last Run
-------------------------------  -----  ---------  --------  ----------  --------------  -------------------
/opt/airflow/dags/export_csv.py                           1           0  0.81s           2024-04-29T13:41:03
================================================================================
[2024-04-29T13:41:35.229+0000] {manager.py:452} INFO - Exiting gracefully upon receiving signal 15
[2024-04-29T13:44:00.632+0000] {manager.py:470} INFO - Processing files using up to 2 processes at a time 
[2024-04-29T13:44:00.635+0000] {manager.py:471} INFO - Process each file at most once every 30 seconds
[2024-04-29T13:44:00.635+0000] {manager.py:472} INFO - Checking for new files in /opt/airflow/dags every 300 seconds
[2024-04-29T13:44:00.636+0000] {manager.py:737} INFO - Searching for files in /opt/airflow/dags
[2024-04-29T13:44:00.638+0000] {manager.py:740} INFO - There are 1 files in /opt/airflow/dags
[2024-04-29T13:44:00.758+0000] {manager.py:878} INFO - 
================================================================================
DAG File Processing Stats

File Path                          PID  Runtime      # DAGs    # Errors  Last Runtime    Last Run
-------------------------------  -----  ---------  --------  ----------  --------------  ----------
/opt/airflow/dags/export_csv.py    165  0.05s             0           0
================================================================================
[2024-04-29T13:44:30.887+0000] {manager.py:878} INFO - 
================================================================================
DAG File Processing Stats

File Path                        PID    Runtime      # DAGs    # Errors  Last Runtime    Last Run
-------------------------------  -----  ---------  --------  ----------  --------------  -------------------
/opt/airflow/dags/export_csv.py                           1           0  3.13s           2024-04-29T13:44:03
================================================================================
[2024-04-29T13:45:00.906+0000] {manager.py:878} INFO - 
================================================================================
DAG File Processing Stats

File Path                        PID    Runtime      # DAGs    # Errors  Last Runtime    Last Run
-------------------------------  -----  ---------  --------  ----------  --------------  -------------------
/opt/airflow/dags/export_csv.py                           1           0  0.89s           2024-04-29T13:44:34
================================================================================
[2024-04-29T13:45:30.988+0000] {manager.py:878} INFO - 
================================================================================
DAG File Processing Stats

File Path                        PID    Runtime      # DAGs    # Errors  Last Runtime    Last Run
-------------------------------  -----  ---------  --------  ----------  --------------  -------------------
/opt/airflow/dags/export_csv.py                           1           0  0.95s           2024-04-29T13:45:05
================================================================================
[2024-04-29T13:46:01.272+0000] {manager.py:878} INFO - 
================================================================================
DAG File Processing Stats

File Path                        PID    Runtime      # DAGs    # Errors  Last Runtime    Last Run
-------------------------------  -----  ---------  --------  ----------  --------------  -------------------
/opt/airflow/dags/export_csv.py                           1           0  0.77s           2024-04-29T13:45:36
================================================================================
[2024-04-29T13:46:31.387+0000] {manager.py:878} INFO - 
================================================================================
DAG File Processing Stats

File Path                        PID    Runtime      # DAGs    # Errors  Last Runtime    Last Run
-------------------------------  -----  ---------  --------  ----------  --------------  -------------------
/opt/airflow/dags/export_csv.py                           1           0  0.89s           2024-04-29T13:46:07
================================================================================
[2024-04-29T13:47:01.769+0000] {manager.py:878} INFO - 
================================================================================
DAG File Processing Stats

File Path                        PID    Runtime      # DAGs    # Errors  Last Runtime    Last Run
-------------------------------  -----  ---------  --------  ----------  --------------  -------------------
/opt/airflow/dags/export_csv.py                           1           0  0.85s           2024-04-29T13:46:53
================================================================================
[2024-04-29T13:47:31.900+0000] {manager.py:878} INFO - 
================================================================================
DAG File Processing Stats

File Path                        PID    Runtime      # DAGs    # Errors  Last Runtime    Last Run
-------------------------------  -----  ---------  --------  ----------  --------------  -------------------
/opt/airflow/dags/export_csv.py                           1           0  0.77s           2024-04-29T13:47:24
================================================================================
[2024-04-29T13:48:02.260+0000] {manager.py:878} INFO - 
================================================================================
DAG File Processing Stats

File Path                        PID    Runtime      # DAGs    # Errors  Last Runtime    Last Run
-------------------------------  -----  ---------  --------  ----------  --------------  -------------------
/opt/airflow/dags/export_csv.py                           1           0  0.84s           2024-04-29T13:47:55
================================================================================
[2024-04-29T13:48:33.130+0000] {manager.py:878} INFO - 
================================================================================
DAG File Processing Stats

File Path                        PID    Runtime      # DAGs    # Errors  Last Runtime    Last Run
-------------------------------  -----  ---------  --------  ----------  --------------  -------------------
/opt/airflow/dags/export_csv.py                           0           1  0.06s           2024-04-29T13:48:27
================================================================================
[2024-04-29T13:49:00.856+0000] {manager.py:737} INFO - Searching for files in /opt/airflow/dags
[2024-04-29T13:49:00.858+0000] {manager.py:740} INFO - There are 1 files in /opt/airflow/dags
[2024-04-29T13:49:03.271+0000] {manager.py:878} INFO - 
================================================================================
DAG File Processing Stats

File Path                          PID  Runtime      # DAGs    # Errors  Last Runtime    Last Run
-------------------------------  -----  ---------  --------  ----------  --------------  -------------------
/opt/airflow/dags/export_csv.py    365  0.39s             1           0  0.93s           2024-04-29T13:48:59
================================================================================
[2024-04-29T13:49:33.742+0000] {manager.py:878} INFO - 
================================================================================
DAG File Processing Stats

File Path                        PID    Runtime      # DAGs    # Errors  Last Runtime    Last Run
-------------------------------  -----  ---------  --------  ----------  --------------  -------------------
/opt/airflow/dags/export_csv.py                           1           0  0.92s           2024-04-29T13:49:18
================================================================================
[2024-04-29T13:50:03.899+0000] {manager.py:878} INFO - 
================================================================================
DAG File Processing Stats

File Path                        PID    Runtime      # DAGs    # Errors  Last Runtime    Last Run
-------------------------------  -----  ---------  --------  ----------  --------------  -------------------
/opt/airflow/dags/export_csv.py                           1           0  0.99s           2024-04-29T13:49:55
================================================================================
[2024-04-29T13:50:34.014+0000] {manager.py:878} INFO - 
================================================================================
DAG File Processing Stats

File Path                        PID    Runtime      # DAGs    # Errors  Last Runtime    Last Run
-------------------------------  -----  ---------  --------  ----------  --------------  -------------------
/opt/airflow/dags/export_csv.py                           1           0  0.86s           2024-04-29T13:50:26
================================================================================
[2024-04-29T13:51:04.128+0000] {manager.py:878} INFO - 
================================================================================
DAG File Processing Stats

File Path                        PID    Runtime      # DAGs    # Errors  Last Runtime    Last Run
-------------------------------  -----  ---------  --------  ----------  --------------  -------------------
/opt/airflow/dags/export_csv.py                           1           0  0.69s           2024-04-29T13:50:57
================================================================================
[2024-04-29T13:51:34.168+0000] {manager.py:878} INFO - 
================================================================================
DAG File Processing Stats

File Path                          PID  Runtime      # DAGs    # Errors  Last Runtime    Last Run
-------------------------------  -----  ---------  --------  ----------  --------------  -------------------
/opt/airflow/dags/export_csv.py    487  0.01s             1           0  0.90s           2024-04-29T13:51:12
================================================================================
[2024-04-29T13:52:04.219+0000] {manager.py:878} INFO - 
================================================================================
DAG File Processing Stats

File Path                        PID    Runtime      # DAGs    # Errors  Last Runtime    Last Run
-------------------------------  -----  ---------  --------  ----------  --------------  -------------------
/opt/airflow/dags/export_csv.py                           1           0  0.91s           2024-04-29T13:51:39
================================================================================
[2024-04-29T13:52:34.325+0000] {manager.py:878} INFO - 
================================================================================
DAG File Processing Stats

File Path                        PID    Runtime      # DAGs    # Errors  Last Runtime    Last Run
-------------------------------  -----  ---------  --------  ----------  --------------  -------------------
/opt/airflow/dags/export_csv.py                           1           0  0.97s           2024-04-29T13:52:10
================================================================================
[2024-04-29T13:53:04.371+0000] {manager.py:878} INFO - 
================================================================================
DAG File Processing Stats

File Path                        PID    Runtime      # DAGs    # Errors  Last Runtime    Last Run
-------------------------------  -----  ---------  --------  ----------  --------------  -------------------
/opt/airflow/dags/export_csv.py                           1           0  0.92s           2024-04-29T13:52:41
================================================================================
[2024-04-29T13:53:34.629+0000] {manager.py:878} INFO - 
================================================================================
DAG File Processing Stats

File Path                        PID    Runtime      # DAGs    # Errors  Last Runtime    Last Run
-------------------------------  -----  ---------  --------  ----------  --------------  -------------------
/opt/airflow/dags/export_csv.py                           1           0  0.76s           2024-04-29T13:53:12
================================================================================
[2024-04-29T13:54:01.117+0000] {manager.py:737} INFO - Searching for files in /opt/airflow/dags
[2024-04-29T13:54:01.120+0000] {manager.py:740} INFO - There are 1 files in /opt/airflow/dags
[2024-04-29T13:54:04.786+0000] {manager.py:878} INFO - 
================================================================================
DAG File Processing Stats

File Path                        PID    Runtime      # DAGs    # Errors  Last Runtime    Last Run
-------------------------------  -----  ---------  --------  ----------  --------------  -------------------
/opt/airflow/dags/export_csv.py                           1           0  0.74s           2024-04-29T13:53:43
================================================================================
[2024-04-29T13:54:34.951+0000] {manager.py:878} INFO - 
================================================================================
DAG File Processing Stats

File Path                        PID    Runtime      # DAGs    # Errors  Last Runtime    Last Run
-------------------------------  -----  ---------  --------  ----------  --------------  -------------------
/opt/airflow/dags/export_csv.py                           1           0  0.76s           2024-04-29T13:54:13
================================================================================
[2024-04-29T13:55:04.961+0000] {manager.py:878} INFO - 
================================================================================
DAG File Processing Stats

File Path                        PID    Runtime      # DAGs    # Errors  Last Runtime    Last Run
-------------------------------  -----  ---------  --------  ----------  --------------  -------------------
/opt/airflow/dags/export_csv.py                           1           0  0.84s           2024-04-29T13:54:44
================================================================================
[2024-04-29T13:55:35.340+0000] {manager.py:878} INFO - 
================================================================================
DAG File Processing Stats

File Path                        PID    Runtime      # DAGs    # Errors  Last Runtime    Last Run
-------------------------------  -----  ---------  --------  ----------  --------------  -------------------
/opt/airflow/dags/export_csv.py                           1           0  0.73s           2024-04-29T13:55:15
================================================================================
[2024-04-29T13:56:05.507+0000] {manager.py:878} INFO - 
================================================================================
DAG File Processing Stats

File Path                        PID    Runtime      # DAGs    # Errors  Last Runtime    Last Run
-------------------------------  -----  ---------  --------  ----------  --------------  -------------------
/opt/airflow/dags/export_csv.py                           1           0  0.72s           2024-04-29T13:55:46
================================================================================
[2024-04-29T13:56:35.646+0000] {manager.py:878} INFO - 
================================================================================
DAG File Processing Stats

File Path                        PID    Runtime      # DAGs    # Errors  Last Runtime    Last Run
-------------------------------  -----  ---------  --------  ----------  --------------  -------------------
/opt/airflow/dags/export_csv.py                           1           0  0.98s           2024-04-29T13:56:17
================================================================================
[2024-04-29T13:57:05.726+0000] {manager.py:878} INFO - 
================================================================================
DAG File Processing Stats

File Path                        PID    Runtime      # DAGs    # Errors  Last Runtime    Last Run
-------------------------------  -----  ---------  --------  ----------  --------------  -------------------
/opt/airflow/dags/export_csv.py                           1           0  0.82s           2024-04-29T13:56:48
================================================================================
[2024-04-29T13:57:36.004+0000] {manager.py:878} INFO - 
================================================================================
DAG File Processing Stats

File Path                        PID    Runtime      # DAGs    # Errors  Last Runtime    Last Run
-------------------------------  -----  ---------  --------  ----------  --------------  -------------------
/opt/airflow/dags/export_csv.py                           1           0  0.77s           2024-04-29T13:57:19
================================================================================
[2024-04-29T13:58:06.126+0000] {manager.py:878} INFO - 
================================================================================
DAG File Processing Stats

File Path                        PID    Runtime      # DAGs    # Errors  Last Runtime    Last Run
-------------------------------  -----  ---------  --------  ----------  --------------  -------------------
/opt/airflow/dags/export_csv.py                           1           0  0.92s           2024-04-29T13:57:50
================================================================================
[2024-04-29T13:58:36.255+0000] {manager.py:878} INFO - 
================================================================================
DAG File Processing Stats

File Path                        PID    Runtime      # DAGs    # Errors  Last Runtime    Last Run
-------------------------------  -----  ---------  --------  ----------  --------------  -------------------
/opt/airflow/dags/export_csv.py                           1           0  0.74s           2024-04-29T13:58:21
================================================================================
[2024-04-29T13:59:01.366+0000] {manager.py:737} INFO - Searching for files in /opt/airflow/dags
[2024-04-29T13:59:01.368+0000] {manager.py:740} INFO - There are 1 files in /opt/airflow/dags
[2024-04-29T13:59:06.404+0000] {manager.py:878} INFO - 
================================================================================
DAG File Processing Stats

File Path                        PID    Runtime      # DAGs    # Errors  Last Runtime    Last Run
-------------------------------  -----  ---------  --------  ----------  --------------  -------------------
/opt/airflow/dags/export_csv.py                           1           0  0.86s           2024-04-29T13:58:52
================================================================================
[2024-04-29T13:59:36.641+0000] {manager.py:878} INFO - 
================================================================================
DAG File Processing Stats

File Path                        PID    Runtime      # DAGs    # Errors  Last Runtime    Last Run
-------------------------------  -----  ---------  --------  ----------  --------------  -------------------
/opt/airflow/dags/export_csv.py                           1           0  0.83s           2024-04-29T13:59:23
================================================================================
[2024-04-29T14:00:06.645+0000] {manager.py:878} INFO - 
================================================================================
DAG File Processing Stats

File Path                        PID    Runtime      # DAGs    # Errors  Last Runtime    Last Run
-------------------------------  -----  ---------  --------  ----------  --------------  -------------------
/opt/airflow/dags/export_csv.py                           1           0  1.16s           2024-04-29T13:59:54
================================================================================
[2024-04-29T14:00:36.800+0000] {manager.py:878} INFO - 
================================================================================
DAG File Processing Stats

File Path                        PID    Runtime      # DAGs    # Errors  Last Runtime    Last Run
-------------------------------  -----  ---------  --------  ----------  --------------  -------------------
/opt/airflow/dags/export_csv.py                           1           0  1.15s           2024-04-29T14:00:25
================================================================================
[2024-04-29T14:01:07.086+0000] {manager.py:878} INFO - 
================================================================================
DAG File Processing Stats

File Path                        PID    Runtime      # DAGs    # Errors  Last Runtime    Last Run
-------------------------------  -----  ---------  --------  ----------  --------------  -------------------
/opt/airflow/dags/export_csv.py                           1           0  1.25s           2024-04-29T14:00:57
================================================================================
[2024-04-29T14:01:37.260+0000] {manager.py:878} INFO - 
================================================================================
DAG File Processing Stats

File Path                        PID    Runtime      # DAGs    # Errors  Last Runtime    Last Run
-------------------------------  -----  ---------  --------  ----------  --------------  -------------------
/opt/airflow/dags/export_csv.py                           1           0  1.01s           2024-04-29T14:01:28
================================================================================
[2024-04-29T14:02:07.478+0000] {manager.py:878} INFO - 
================================================================================
DAG File Processing Stats

File Path                        PID    Runtime      # DAGs    # Errors  Last Runtime    Last Run
-------------------------------  -----  ---------  --------  ----------  --------------  -------------------
/opt/airflow/dags/export_csv.py                           1           0  0.82s           2024-04-29T14:01:59
================================================================================
[2024-04-29T14:02:37.586+0000] {manager.py:878} INFO - 
================================================================================
DAG File Processing Stats

File Path                        PID    Runtime      # DAGs    # Errors  Last Runtime    Last Run
-------------------------------  -----  ---------  --------  ----------  --------------  -------------------
/opt/airflow/dags/export_csv.py                           1           0  0.75s           2024-04-29T14:02:30
================================================================================
[2024-04-29T14:03:07.705+0000] {manager.py:878} INFO - 
================================================================================
DAG File Processing Stats

File Path                        PID    Runtime      # DAGs    # Errors  Last Runtime    Last Run
-------------------------------  -----  ---------  --------  ----------  --------------  -------------------
/opt/airflow/dags/export_csv.py                           1           0  0.86s           2024-04-29T14:03:01
================================================================================
[2024-04-29T14:03:37.836+0000] {manager.py:878} INFO - 
================================================================================
DAG File Processing Stats

File Path                        PID    Runtime      # DAGs    # Errors  Last Runtime    Last Run
-------------------------------  -----  ---------  --------  ----------  --------------  -------------------
/opt/airflow/dags/export_csv.py                           1           0  0.76s           2024-04-29T14:03:31
================================================================================
[2024-04-29T14:04:01.945+0000] {manager.py:737} INFO - Searching for files in /opt/airflow/dags
[2024-04-29T14:04:01.946+0000] {manager.py:740} INFO - There are 1 files in /opt/airflow/dags
[2024-04-29T14:04:08.086+0000] {manager.py:878} INFO - 
================================================================================
DAG File Processing Stats

File Path                        PID    Runtime      # DAGs    # Errors  Last Runtime    Last Run
-------------------------------  -----  ---------  --------  ----------  --------------  -------------------
/opt/airflow/dags/export_csv.py                           1           0  0.85s           2024-04-29T14:04:02
================================================================================
[2024-04-29T14:04:38.201+0000] {manager.py:878} INFO - 
================================================================================
DAG File Processing Stats

File Path                        PID    Runtime      # DAGs    # Errors  Last Runtime    Last Run
-------------------------------  -----  ---------  --------  ----------  --------------  -------------------
/opt/airflow/dags/export_csv.py                           1           0  0.79s           2024-04-29T14:04:33
================================================================================
[2024-04-29T14:05:08.323+0000] {manager.py:878} INFO - 
================================================================================
DAG File Processing Stats

File Path                        PID    Runtime      # DAGs    # Errors  Last Runtime    Last Run
-------------------------------  -----  ---------  --------  ----------  --------------  -------------------
/opt/airflow/dags/export_csv.py                           1           0  0.75s           2024-04-29T14:05:04
================================================================================
[2024-04-29T14:05:38.469+0000] {manager.py:878} INFO - 
================================================================================
DAG File Processing Stats

File Path                        PID    Runtime      # DAGs    # Errors  Last Runtime    Last Run
-------------------------------  -----  ---------  --------  ----------  --------------  -------------------
/opt/airflow/dags/export_csv.py                           1           0  0.99s           2024-04-29T14:05:35
================================================================================
[2024-04-29T14:06:08.607+0000] {manager.py:878} INFO - 
================================================================================
DAG File Processing Stats

File Path                        PID    Runtime      # DAGs    # Errors  Last Runtime    Last Run
-------------------------------  -----  ---------  --------  ----------  --------------  -------------------
/opt/airflow/dags/export_csv.py                           1           0  0.83s           2024-04-29T14:06:06
================================================================================
[2024-04-29T14:06:38.642+0000] {manager.py:878} INFO - 
================================================================================
DAG File Processing Stats

File Path                        PID    Runtime      # DAGs    # Errors  Last Runtime    Last Run
-------------------------------  -----  ---------  --------  ----------  --------------  -------------------
/opt/airflow/dags/export_csv.py                           1           0  0.90s           2024-04-29T14:06:37
================================================================================
[2024-04-29T14:07:08.888+0000] {manager.py:878} INFO - 
================================================================================
DAG File Processing Stats

File Path                        PID    Runtime      # DAGs    # Errors  Last Runtime    Last Run
-------------------------------  -----  ---------  --------  ----------  --------------  -------------------
/opt/airflow/dags/export_csv.py                           1           0  0.82s           2024-04-29T14:07:08
================================================================================
[2024-04-29T14:07:39.001+0000] {manager.py:878} INFO - 
================================================================================
DAG File Processing Stats

File Path                          PID  Runtime      # DAGs    # Errors  Last Runtime    Last Run
-------------------------------  -----  ---------  --------  ----------  --------------  -------------------
/opt/airflow/dags/export_csv.py    881  0.27s             1           0  0.82s           2024-04-29T14:07:08
================================================================================
[2024-04-29T14:08:09.117+0000] {manager.py:878} INFO - 
================================================================================
DAG File Processing Stats

File Path                        PID    Runtime      # DAGs    # Errors  Last Runtime    Last Run
-------------------------------  -----  ---------  --------  ----------  --------------  -------------------
/opt/airflow/dags/export_csv.py                           1           0  0.79s           2024-04-29T14:07:39
================================================================================
[2024-04-29T14:08:39.263+0000] {manager.py:878} INFO - 
================================================================================
DAG File Processing Stats

File Path                        PID    Runtime      # DAGs    # Errors  Last Runtime    Last Run
-------------------------------  -----  ---------  --------  ----------  --------------  -------------------
/opt/airflow/dags/export_csv.py                           1           0  0.98s           2024-04-29T14:08:10
================================================================================
[2024-04-29T14:09:02.364+0000] {manager.py:737} INFO - Searching for files in /opt/airflow/dags
[2024-04-29T14:09:02.366+0000] {manager.py:740} INFO - There are 1 files in /opt/airflow/dags
[2024-04-29T14:09:09.407+0000] {manager.py:878} INFO - 
================================================================================
DAG File Processing Stats

File Path                        PID    Runtime      # DAGs    # Errors  Last Runtime    Last Run
-------------------------------  -----  ---------  --------  ----------  --------------  -------------------
/opt/airflow/dags/export_csv.py                           1           0  0.96s           2024-04-29T14:08:41
================================================================================
[2024-04-29T14:09:39.553+0000] {manager.py:878} INFO - 
================================================================================
DAG File Processing Stats

File Path                        PID    Runtime      # DAGs    # Errors  Last Runtime    Last Run
-------------------------------  -----  ---------  --------  ----------  --------------  -------------------
/opt/airflow/dags/export_csv.py                           1           0  0.72s           2024-04-29T14:09:12
================================================================================
[2024-04-29T14:10:09.780+0000] {manager.py:878} INFO - 
================================================================================
DAG File Processing Stats

File Path                        PID    Runtime      # DAGs    # Errors  Last Runtime    Last Run
-------------------------------  -----  ---------  --------  ----------  --------------  -------------------
/opt/airflow/dags/export_csv.py                           1           0  0.84s           2024-04-29T14:09:43
================================================================================
[2024-04-29T14:10:39.901+0000] {manager.py:878} INFO - 
================================================================================
DAG File Processing Stats

File Path                        PID    Runtime      # DAGs    # Errors  Last Runtime    Last Run
-------------------------------  -----  ---------  --------  ----------  --------------  -------------------
/opt/airflow/dags/export_csv.py                           1           0  0.76s           2024-04-29T14:10:14
================================================================================
[2024-04-29T14:11:10.028+0000] {manager.py:878} INFO - 
================================================================================
DAG File Processing Stats

File Path                        PID    Runtime      # DAGs    # Errors  Last Runtime    Last Run
-------------------------------  -----  ---------  --------  ----------  --------------  -------------------
/opt/airflow/dags/export_csv.py                           1           0  0.82s           2024-04-29T14:10:45
================================================================================
[2024-04-29T14:11:40.177+0000] {manager.py:878} INFO - 
================================================================================
DAG File Processing Stats

File Path                        PID    Runtime      # DAGs    # Errors  Last Runtime    Last Run
-------------------------------  -----  ---------  --------  ----------  --------------  -------------------
/opt/airflow/dags/export_csv.py                           1           0  0.77s           2024-04-29T14:11:16
================================================================================
[2024-04-29T14:12:10.355+0000] {manager.py:878} INFO - 
================================================================================
DAG File Processing Stats

File Path                        PID    Runtime      # DAGs    # Errors  Last Runtime    Last Run
-------------------------------  -----  ---------  --------  ----------  --------------  -------------------
/opt/airflow/dags/export_csv.py                           1           0  0.85s           2024-04-29T14:11:47
================================================================================
[2024-04-29T14:12:40.494+0000] {manager.py:878} INFO - 
================================================================================
DAG File Processing Stats

File Path                        PID    Runtime      # DAGs    # Errors  Last Runtime    Last Run
-------------------------------  -----  ---------  --------  ----------  --------------  -------------------
/opt/airflow/dags/export_csv.py                           1           0  1.27s           2024-04-29T14:12:18
================================================================================
[2024-04-29T14:13:10.682+0000] {manager.py:878} INFO - 
================================================================================
DAG File Processing Stats

File Path                        PID    Runtime      # DAGs    # Errors  Last Runtime    Last Run
-------------------------------  -----  ---------  --------  ----------  --------------  -------------------
/opt/airflow/dags/export_csv.py                           1           0  0.85s           2024-04-29T14:12:49
================================================================================
[2024-04-29T14:13:40.707+0000] {manager.py:878} INFO - 
================================================================================
DAG File Processing Stats

File Path                        PID    Runtime      # DAGs    # Errors  Last Runtime    Last Run
-------------------------------  -----  ---------  --------  ----------  --------------  -------------------
/opt/airflow/dags/export_csv.py                           1           0  1.10s           2024-04-29T14:13:20
================================================================================
[2024-04-29T14:14:02.617+0000] {manager.py:737} INFO - Searching for files in /opt/airflow/dags
[2024-04-29T14:14:02.619+0000] {manager.py:740} INFO - There are 1 files in /opt/airflow/dags
[2024-04-29T14:14:10.826+0000] {manager.py:878} INFO - 
================================================================================
DAG File Processing Stats

File Path                        PID    Runtime      # DAGs    # Errors  Last Runtime    Last Run
-------------------------------  -----  ---------  --------  ----------  --------------  -------------------
/opt/airflow/dags/export_csv.py                           1           0  0.88s           2024-04-29T14:13:51
================================================================================
[2024-04-29T14:14:40.935+0000] {manager.py:878} INFO - 
================================================================================
DAG File Processing Stats

File Path                        PID    Runtime      # DAGs    # Errors  Last Runtime    Last Run
-------------------------------  -----  ---------  --------  ----------  --------------  -------------------
/opt/airflow/dags/export_csv.py                           1           0  0.74s           2024-04-29T14:14:22
================================================================================
[2024-04-29T14:15:11.069+0000] {manager.py:878} INFO - 
================================================================================
DAG File Processing Stats

File Path                        PID    Runtime      # DAGs    # Errors  Last Runtime    Last Run
-------------------------------  -----  ---------  --------  ----------  --------------  -------------------
/opt/airflow/dags/export_csv.py                           1           0  0.73s           2024-04-29T14:14:53
================================================================================
[2024-04-29T14:15:41.244+0000] {manager.py:878} INFO - 
================================================================================
DAG File Processing Stats

File Path                        PID    Runtime      # DAGs    # Errors  Last Runtime    Last Run
-------------------------------  -----  ---------  --------  ----------  --------------  -------------------
/opt/airflow/dags/export_csv.py                           1           0  0.82s           2024-04-29T14:15:24
================================================================================
